Platanus version: 1.2.4
platanus gap_close -o Poil -c Poil_scaffold.fa -IP1 trimmed/PE1.fq.trimmed.fq trimmed/PE2.fq.trimmed.fq -OP2 trimmed/MP1.fq.int_trimmed.fq trimmed/MP2.fq.int_trimmed.fq 

K=32, making hash table...
[PAIR_LIBRARY 1]
mapping reads...
TOTAL_PAIR = 4813232
MAPPED_IN_SAME_CONTIG = 4561487 (0.947697)
estimating insert-size...
PEAK = 244
LOWER_LIMIT (permissible range to estimate AVE_INS)= 61
UPPER_LIMIT (permissible range to estimate AVE_INS)= 427
AVE_INS = 247
SD_INS = 39
mapping reads that cover small gaps...
[PAIR_LIBRARY 2]
mapping reads...
TOTAL_PAIR = 855878
MAPPED_IN_SAME_CONTIG = 642891 (0.751148)
estimating insert-size...
PEAK = 2708
LOWER_LIMIT (permissible range to estimate AVE_INS)= 677
UPPER_LIMIT (permissible range to estimate AVE_INS)= 4739
AVE_INS = 3044
SD_INS = 884
mapping reads that cover small gaps...
making hash table of gaps...
making consensus sequences to close small gaps...
NUM_GAP=75
NUM_CLOSED_GAP=35
[PAIR_LIBRARY 1]
saving reads covering gaps...
loading reads covering gaps...
assembling localized reads...
NUM_GAPS = 40
NUM_NOT_CLOSED_GAPS (too many reads are mapped comapering to coverage)= 1
NUM_CLOSED_GAPS_USING_DE_BRUIJN = 10
NUM_CLOSED_GAPS_USING_OVERLAP_LAYOUT_CONSENSUS = 2
[PAIR_LIBRARY 2]
saving reads covering gaps...
loading reads covering gaps...
assembling localized reads...
NUM_GAPS = 28
NUM_NOT_CLOSED_GAPS (too many reads are mapped comapering to coverage)= 0
NUM_CLOSED_GAPS_USING_DE_BRUIJN = 17
NUM_CLOSED_GAPS_USING_OVERLAP_LAYOUT_CONSENSUS = 4
[ALL LIBRARY]
assembling localized reads...
NUM_GAPS = 7
NUM_NOT_CLOSED_GAPS (too many reads are mapped comapering to coverage)= 1
NUM_CLOSED_GAPS_USING_DE_BRUIJN = 0
NUM_CLOSED_GAPS_USING_OVERLAP_LAYOUT_CONSENSUS = 0
TOTAL_NUM_CLOSED_GAPS = 68
gap_close completed!!

#### PROCESS INFORMATION ####
VmPeak:           0.340 GByte
VmHWM:            0.302 GByte
